<?xml version="1.0" encoding="UTF-8"?>
<!-- Generated by org.testng.reporters.JUnitReportReporter -->
<testsuite skipped="0" hostname="DESKTOP-5DIGRH6" name="SMB.HomePage" tests="1" failures="0" timestamp="27 Jan 2019 19:58:09 GMT" time="16.305" errors="0">
  <testcase name="MNT_Home_Page" time="16.305" classname="SMB.HomePage"/>
</testsuite> <!-- SMB.HomePage -->
