<?xml version="1.0" encoding="UTF-8"?>
<!-- Generated by org.testng.reporters.JUnitReportReporter -->
<testsuite skipped="0" hostname="DESKTOP-5DIGRH6" name="PageObject.MNT_HomePage" tests="1" failures="0" timestamp="29 Jan 2019 23:28:42 GMT" time="6.137" errors="0">
  <testcase name="MNT_Home_Page" time="6.137" classname="PageObject.MNT_HomePage"/>
</testsuite> <!-- PageObject.MNT_HomePage -->
