<?xml version="1.0" encoding="UTF-8"?>
<!-- Generated by org.testng.reporters.JUnitReportReporter -->
<testsuite skipped="0" hostname="DESKTOP-5DIGRH6" name="SMB.LandingPage" tests="1" failures="0" timestamp="27 Jan 2019 09:46:11 GMT" time="13.225" errors="0">
  <testcase name="abc" time="13.225" classname="SMB.LandingPage"/>
</testsuite> <!-- SMB.LandingPage -->
