<?xml version="1.0" encoding="UTF-8"?>
<!-- Generated by org.testng.reporters.JUnitReportReporter -->
<testsuite skipped="0" hostname="DESKTOP-5DIGRH6" name="SMB.LandingPage" tests="1" failures="0" timestamp="27 Jan 2019 11:23:06 GMT" time="11.460" errors="0">
  <testcase name="HomePage_Tittle_Validation" time="11.460" classname="SMB.LandingPage"/>
</testsuite> <!-- SMB.LandingPage -->
