<?xml version="1.0" encoding="UTF-8"?>
<!-- Generated by org.testng.reporters.JUnitReportReporter -->
<testsuite skipped="0" hostname="DESKTOP-5DIGRH6" name="SMB.LogoValidation" tests="1" failures="0" timestamp="27 Jan 2019 09:41:07 GMT" time="13.288" errors="0">
  <testcase name="Verfication" time="13.288" classname="SMB.LogoValidation"/>
</testsuite> <!-- SMB.LogoValidation -->
