<?xml version="1.0" encoding="UTF-8"?>
<!-- Generated by org.testng.reporters.JUnitReportReporter -->
<testsuite skipped="0" hostname="DESKTOP-5DIGRH6" name="SMB.Landing_Page_Validation_Tittle" tests="1" failures="0" timestamp="27 Jan 2019 21:00:24 GMT" time="8.405" errors="0">
  <testcase name="HomePage_Tittle_Validation" time="8.405" classname="SMB.Landing_Page_Validation_Tittle"/>
</testsuite> <!-- SMB.Landing_Page_Validation_Tittle -->
