<?xml version="1.0" encoding="UTF-8"?>
<!-- Generated by org.testng.reporters.JUnitReportReporter -->
<testsuite skipped="0" hostname="DESKTOP-5DIGRH6" name="SMB.ach" tests="1" failures="0" timestamp="27 Jan 2019 08:37:45 GMT" time="0.019" errors="0">
  <testcase name="abc" time="0.019" classname="SMB.ach"/>
</testsuite> <!-- SMB.ach -->
